<?xml version="1.0" encoding="UTF-8"?>
<testsuite name="com.cuonghx.cacultor.demo.DemoApplicationTests" tests="1" skipped="0" failures="0" errors="0" timestamp="2020-08-26T07:38:45" hostname="i120882-mb.local" time="0.822">
  <properties/>
  <testcase name="contextLoads()" classname="com.cuonghx.cacultor.demo.DemoApplicationTests" time="0.822"/>
  <system-out><![CDATA[14:38:39.498 [Test worker] DEBUG org.springframework.test.context.BootstrapUtils - Instantiating CacheAwareContextLoaderDelegate from class [org.springframework.test.context.cache.DefaultCacheAwareContextLoaderDelegate]
14:38:39.528 [Test worker] DEBUG org.springframework.test.context.BootstrapUtils - Instantiating BootstrapContext using constructor [public org.springframework.test.context.support.DefaultBootstrapContext(java.lang.Class,org.springframework.test.context.CacheAwareContextLoaderDelegate)]
14:38:39.756 [Test worker] DEBUG org.springframework.test.context.BootstrapUtils - Instantiating TestContextBootstrapper for test class [com.cuonghx.cacultor.demo.DemoApplicationTests] from class [org.springframework.boot.test.context.SpringBootTestContextBootstrapper]
14:38:39.799 [Test worker] INFO org.springframework.boot.test.context.SpringBootTestContextBootstrapper - Neither @ContextConfiguration nor @ContextHierarchy found for test class [com.cuonghx.cacultor.demo.DemoApplicationTests], using SpringBootContextLoader
14:38:39.806 [Test worker] DEBUG org.springframework.test.context.support.AbstractContextLoader - Did not detect default resource location for test class [com.cuonghx.cacultor.demo.DemoApplicationTests]: class path resource [com/cuonghx/cacultor/demo/DemoApplicationTests-context.xml] does not exist
14:38:39.808 [Test worker] DEBUG org.springframework.test.context.support.AbstractContextLoader - Did not detect default resource location for test class [com.cuonghx.cacultor.demo.DemoApplicationTests]: class path resource [com/cuonghx/cacultor/demo/DemoApplicationTestsContext.groovy] does not exist
14:38:39.809 [Test worker] INFO org.springframework.test.context.support.AbstractContextLoader - Could not detect default resource locations for test class [com.cuonghx.cacultor.demo.DemoApplicationTests]: no resource found for suffixes {-context.xml, Context.groovy}.
14:38:39.813 [Test worker] INFO org.springframework.test.context.support.AnnotationConfigContextLoaderUtils - Could not detect default configuration classes for test class [com.cuonghx.cacultor.demo.DemoApplicationTests]: DemoApplicationTests does not declare any static, non-private, non-final, nested classes annotated with @Configuration.
14:38:40.051 [Test worker] DEBUG org.springframework.test.context.support.ActiveProfilesUtils - Could not find an 'annotation declaring class' for annotation type [org.springframework.test.context.ActiveProfiles] and class [com.cuonghx.cacultor.demo.DemoApplicationTests]
14:38:40.387 [Test worker] DEBUG org.springframework.context.annotation.ClassPathScanningCandidateComponentProvider - Identified candidate component class: file [/Users/hoang.xuan.cuong/Working/Docker/calculator_jenkins/build/classes/java/main/com/cuonghx/cacultor/demo/DemoApplication.class]
14:38:40.408 [Test worker] INFO org.springframework.boot.test.context.SpringBootTestContextBootstrapper - Found @SpringBootConfiguration com.cuonghx.cacultor.demo.DemoApplication for test class com.cuonghx.cacultor.demo.DemoApplicationTests
14:38:40.992 [Test worker] DEBUG org.springframework.boot.test.context.SpringBootTestContextBootstrapper - @TestExecutionListeners is not present for class [com.cuonghx.cacultor.demo.DemoApplicationTests]: using defaults.
14:38:40.995 [Test worker] INFO org.springframework.boot.test.context.SpringBootTestContextBootstrapper - Loaded default TestExecutionListener class names from location [META-INF/spring.factories]: [org.springframework.boot.test.autoconfigure.restdocs.RestDocsTestExecutionListener, org.springframework.boot.test.autoconfigure.web.client.MockRestServiceServerResetTestExecutionListener, org.springframework.boot.test.autoconfigure.web.servlet.MockMvcPrintOnlyOnFailureTestExecutionListener, org.springframework.boot.test.autoconfigure.web.servlet.WebDriverTestExecutionListener, org.springframework.boot.test.autoconfigure.webservices.client.MockWebServiceServerTestExecutionListener, org.springframework.boot.test.mock.mockito.MockitoTestExecutionListener, org.springframework.boot.test.mock.mockito.ResetMocksTestExecutionListener, org.springframework.test.context.web.ServletTestExecutionListener, org.springframework.test.context.support.DirtiesContextBeforeModesTestExecutionListener, org.springframework.test.context.support.DependencyInjectionTestExecutionListener, org.springframework.test.context.support.DirtiesContextTestExecutionListener, org.springframework.test.context.transaction.TransactionalTestExecutionListener, org.springframework.test.context.jdbc.SqlScriptsTestExecutionListener, org.springframework.test.context.event.EventPublishingTestExecutionListener]
14:38:41.045 [Test worker] DEBUG org.springframework.boot.test.context.SpringBootTestContextBootstrapper - Skipping candidate TestExecutionListener [org.springframework.test.context.transaction.TransactionalTestExecutionListener] due to a missing dependency. Specify custom listener classes or make the default listener classes and their required dependencies available. Offending class: [org/springframework/transaction/interceptor/TransactionAttributeSource]
14:38:41.047 [Test worker] DEBUG org.springframework.boot.test.context.SpringBootTestContextBootstrapper - Skipping candidate TestExecutionListener [org.springframework.test.context.jdbc.SqlScriptsTestExecutionListener] due to a missing dependency. Specify custom listener classes or make the default listener classes and their required dependencies available. Offending class: [org/springframework/transaction/interceptor/TransactionAttribute]
14:38:41.048 [Test worker] INFO org.springframework.boot.test.context.SpringBootTestContextBootstrapper - Using TestExecutionListeners: [org.springframework.test.context.web.ServletTestExecutionListener@648f07ca, org.springframework.test.context.support.DirtiesContextBeforeModesTestExecutionListener@3869b30d, org.springframework.boot.test.mock.mockito.MockitoTestExecutionListener@71bbd85b, org.springframework.boot.test.autoconfigure.SpringBootDependencyInjectionTestExecutionListener@719fa692, org.springframework.test.context.support.DirtiesContextTestExecutionListener@6d325e3c, org.springframework.test.context.event.EventPublishingTestExecutionListener@1836694c, org.springframework.boot.test.autoconfigure.restdocs.RestDocsTestExecutionListener@37e01311, org.springframework.boot.test.autoconfigure.web.client.MockRestServiceServerResetTestExecutionListener@3b479849, org.springframework.boot.test.autoconfigure.web.servlet.MockMvcPrintOnlyOnFailureTestExecutionListener@44fbf2a3, org.springframework.boot.test.autoconfigure.web.servlet.WebDriverTestExecutionListener@6f2c9f79, org.springframework.boot.test.autoconfigure.webservices.client.MockWebServiceServerTestExecutionListener@58e37116, org.springframework.boot.test.mock.mockito.ResetMocksTestExecutionListener@5fe13f93]
14:38:41.061 [Test worker] DEBUG org.springframework.test.context.support.AbstractDirtiesContextTestExecutionListener - Before test class: context [DefaultTestContext@3ab74600 testClass = DemoApplicationTests, testInstance = [null], testMethod = [null], testException = [null], mergedContextConfiguration = [WebMergedContextConfiguration@6e6bef2e testClass = DemoApplicationTests, locations = '{}', classes = '{class com.cuonghx.cacultor.demo.DemoApplication}', contextInitializerClasses = '[]', activeProfiles = '{}', propertySourceLocations = '{}', propertySourceProperties = '{org.springframework.boot.test.context.SpringBootTestContextBootstrapper=true}', contextCustomizers = set[org.springframework.boot.test.autoconfigure.properties.PropertyMappingContextCustomizer@0, org.springframework.boot.test.autoconfigure.web.servlet.WebDriverContextCustomizerFactory$Customizer@6b1ae2d7, org.springframework.boot.test.context.filter.ExcludeFilterContextCustomizer@144bcc26, org.springframework.boot.test.json.DuplicateJsonObjectContextCustomizerFactory$DuplicateJsonObjectContextCustomizer@2c425a49, org.springframework.boot.test.mock.mockito.MockitoContextCustomizer@0, org.springframework.boot.test.web.client.TestRestTemplateContextCustomizer@1222cfe6, org.springframework.boot.test.context.SpringBootTestArgs@1], resourceBasePath = 'src/main/webapp', contextLoader = 'org.springframework.boot.test.context.SpringBootContextLoader', parent = [null]], attributes = map['org.springframework.test.context.web.ServletTestExecutionListener.activateListener' -> true]], class annotated with @DirtiesContext [false] with mode [null].
14:38:41.124 [Test worker] DEBUG org.springframework.test.context.support.TestPropertySourceUtils - Adding inlined properties to environment: {spring.jmx.enabled=false, org.springframework.boot.test.context.SpringBootTestContextBootstrapper=true}

  .   ____          _            __ _ _
 /\\ / ___'_ __ _ _(_)_ __  __ _ \ \ \ \
( ( )\___ | '_ | '_| | '_ \/ _` | \ \ \ \
 \\/  ___)| |_)| | | | | || (_| |  ) ) ) )
  '  |____| .__|_| |_|_| |_\__, | / / / /
 =========|_|==============|___/=/_/_/_/
 :: Spring Boot ::        (v2.3.3.RELEASE)

2020-08-26 14:38:41.674  INFO 11628 --- [    Test worker] c.c.cacultor.demo.DemoApplicationTests   : Starting DemoApplicationTests on i120882-mb.local with PID 11628 (started by hoang.xuan.cuong in /Users/hoang.xuan.cuong/Working/Docker/calculator_jenkins)
2020-08-26 14:38:41.683  INFO 11628 --- [    Test worker] c.c.cacultor.demo.DemoApplicationTests   : No active profile set, falling back to default profiles: default
2020-08-26 14:38:45.186  INFO 11628 --- [    Test worker] o.s.s.concurrent.ThreadPoolTaskExecutor  : Initializing ExecutorService 'applicationTaskExecutor'
2020-08-26 14:38:45.799  INFO 11628 --- [    Test worker] c.c.cacultor.demo.DemoApplicationTests   : Started DemoApplicationTests in 4.646 seconds (JVM running for 10.7)
]]></system-out>
  <system-err><![CDATA[]]></system-err>
</testsuite>
